TN:
SF:/home/runner/work/cdatastructures/cdatastructures/src/array_queue.c
FN:37,array_queue_init
FN:48,array_queue_push_back
FN:59,array_queue_push_front
FN:70,array_queue_enqueue
FN:75,array_queue_pop_back
FN:86,array_queue_pop_front
FN:97,array_queue_dequeue
FN:102,array_queue_front
FN:110,array_queue_rear
FN:118,array_queue_empty
FN:124,array_queue_full
FN:130,array_queue_free
FNDA:4,array_queue_empty
FNDA:14,array_queue_enqueue
FNDA:6,array_queue_push_front
FNDA:10,array_queue_pop_front
FNDA:10,array_queue_dequeue
FNDA:0,array_queue_full
FNDA:4,array_queue_pop_back
FNDA:6,array_queue_free
FNDA:4,array_queue_front
FNDA:6,array_queue_rear
FNDA:6,array_queue_init
FNDA:14,array_queue_push_back
FNF:12
FNH:11
DA:27,16
DA:32,6
DA:33,2
DA:34,4
DA:37,6
DA:39,6
DA:40,6
DA:41,6
DA:42,6
DA:43,6
DA:44,6
DA:45,6
DA:48,14
DA:50,14
DA:51,12
DA:53,10
DA:54,10
DA:55,10
DA:56,10
DA:59,6
DA:61,6
DA:62,4
DA:64,2
DA:65,2
DA:66,2
DA:67,2
DA:70,14
DA:72,14
DA:75,4
DA:77,4
DA:78,2
DA:80,0
DA:81,0
DA:82,0
DA:83,0
DA:86,10
DA:88,10
DA:89,8
DA:91,6
DA:92,6
DA:93,6
DA:94,6
DA:97,10
DA:99,10
DA:102,4
DA:104,4
DA:105,2
DA:107,2
DA:110,6
DA:112,6
DA:113,4
DA:115,8
DA:118,4
DA:120,20
DA:121,16
DA:124,0
DA:126,16
DA:127,16
DA:130,6
DA:132,6
DA:133,6
DA:134,6
DA:135,6
LF:63
LH:58
end_of_record
TN:
SF:/home/runner/work/cdatastructures/cdatastructures/src/array_stack.c
FN:23,array_stack_init
FN:32,array_stack_pop
FN:40,array_stack_push
FN:49,array_stack_peek
FN:55,array_stack_empty
FN:61,array_stack_free
FNDA:8,array_stack_peek
FNDA:10,array_stack_pop
FNDA:6,array_stack_init
FNDA:4,array_stack_empty
FNDA:6,array_stack_free
FNDA:16,array_stack_push
FNF:6
FNH:6
DA:23,6
DA:25,6
DA:26,6
DA:27,6
DA:28,6
DA:29,6
DA:32,10
DA:34,10
DA:35,8
DA:37,6
DA:40,16
DA:42,16
DA:43,14
DA:45,12
DA:46,12
DA:49,8
DA:51,8
DA:52,6
DA:55,4
DA:57,4
DA:58,2
DA:61,6
DA:63,6
DA:64,6
DA:65,6
DA:66,6
LF:26
LH:26
end_of_record
TN:
SF:/home/runner/work/cdatastructures/cdatastructures/src/btree.c
FN:14,btree_insert
FN:30,btree_inorder_traversal
FN:41,btree_preorder_traversal
FN:52,btree_postorder_traversal
FN:63,btree_delete_nodes
FN:75,btree_search
FNDA:14,btree_preorder_traversal
FNDA:8,btree_search
FNDA:176,btree_delete_nodes
FNDA:84,btree_insert
FNDA:24,btree_postorder_traversal
FNDA:14,btree_inorder_traversal
FNF:6
FNH:6
DA:14,84
DA:16,194
DA:17,192
DA:18,190
DA:19,80
DA:20,80
DA:22,110
DA:23,110
DA:24,22
DA:25,88
DA:26,88
DA:28,80
DA:30,14
DA:33,24
DA:34,22
DA:36,10
DA:37,10
DA:38,10
DA:41,14
DA:44,24
DA:45,22
DA:47,10
DA:48,10
DA:49,10
DA:52,24
DA:55,24
DA:56,22
DA:58,10
DA:59,10
DA:60,10
DA:63,176
DA:65,176
DA:67,80
DA:68,80
DA:69,80
DA:70,10
DA:71,80
DA:72,80
DA:75,8
DA:78,20
DA:79,18
DA:81,16
DA:82,16
DA:83,4
DA:84,12
DA:85,2
DA:87,10
LF:47
LH:47
end_of_record
TN:
SF:/home/runner/work/cdatastructures/cdatastructures/src/circular_linked_list.c
FN:21,circular_linked_list_init
FN:27,circular_linked_list_empty
FN:33,circular_linked_list_get_head
FN:40,circular_linked_list_get_tail
FN:46,circular_linked_list_get_size
FN:52,circular_linked_list_free
FN:61,circular_linked_list_get_nth
FN:79,circular_linked_list_prepend
FN:93,circular_linked_list_append
FN:108,default_search
FN:113,circular_linked_list_insert_after
FN:139,circular_linked_list_delete_first
FN:159,circular_linked_list_delete_last
FN:178,circular_linked_list_free_nodes
FN:187,circular_linked_list_delete
FN:218,circular_linked_list_delete_nth
FNDA:8,circular_linked_list_prepend
FNDA:0,circular_linked_list_get_tail
FNDA:4,circular_linked_list_delete_nth
FNDA:14,circular_linked_list_get_head
FNDA:6,circular_linked_list_delete
FNDA:0,circular_linked_list_empty
FNDA:12,default_search
FNDA:60,circular_linked_list_append
FNDA:4,circular_linked_list_get_nth
FNDA:18,circular_linked_list_free
FNDA:0,circular_linked_list_delete_last
FNDA:64,circular_linked_list_delete_first
FNDA:18,circular_linked_list_free_nodes
FNDA:6,circular_linked_list_insert_after
FNDA:18,circular_linked_list_init
FNDA:4,circular_linked_list_get_size
FNF:16
FNH:13
DA:21,18
DA:23,18
DA:24,18
DA:27,0
DA:29,240
DA:30,258
DA:33,14
DA:35,14
DA:36,14
DA:37,14
DA:40,0
DA:42,0
DA:43,0
DA:46,4
DA:48,4
DA:49,2
DA:52,18
DA:54,18
DA:55,18
DA:57,18
DA:58,18
DA:61,4
DA:63,4
DA:64,2
DA:66,2
DA:68,4
DA:69,4
DA:70,2
DA:71,2
DA:72,2
DA:74,2
DA:76,2
DA:79,8
DA:81,8
DA:82,6
DA:83,6
DA:84,2
DA:85,2
DA:87,4
DA:88,4
DA:90,6
DA:91,6
DA:93,60
DA:95,60
DA:96,58
DA:97,58
DA:98,16
DA:99,16
DA:101,42
DA:102,42
DA:103,42
DA:105,58
DA:106,58
DA:108,12
DA:110,12
DA:113,6
DA:115,6
DA:116,4
DA:118,4
DA:120,4
DA:121,4
DA:123,12
DA:124,12
DA:125,8
DA:126,8
DA:127,8
DA:129,4
DA:130,0
DA:131,0
DA:133,4
DA:134,4
DA:135,4
DA:136,4
DA:139,64
DA:141,64
DA:142,64
DA:144,64
DA:147,64
DA:148,64
DA:149,64
DA:150,18
DA:152,46
DA:154,64
DA:155,64
DA:156,64
DA:159,0
DA:161,0
DA:162,0
DA:164,0
DA:165,0
DA:166,0
DA:167,0
DA:170,0
DA:171,0
DA:173,0
DA:174,0
DA:175,0
DA:178,18
DA:180,18
DA:181,18
DA:183,82
DA:184,64
DA:187,6
DA:189,6
DA:190,4
DA:192,4
DA:194,4
DA:195,4
DA:196,4
DA:197,4
DA:198,0
DA:201,14
DA:202,12
DA:203,10
DA:204,10
DA:206,8
DA:209,4
DA:211,2
DA:213,2
DA:214,2
DA:215,2
DA:218,4
DA:220,4
DA:221,2
DA:223,2
DA:224,2
DA:226,2
DA:228,0
DA:231,6
DA:232,6
DA:233,4
DA:234,4
DA:236,4
DA:239,2
DA:241,2
DA:242,2
DA:243,2
DA:244,2
DA:245,2
LF:139
LH:119
end_of_record
TN:
SF:/home/runner/work/cdatastructures/cdatastructures/src/doubly_linked_list.c
FN:21,doubly_linked_list_init
FN:27,doubly_linked_list_free
FN:35,doubly_linked_list_empty
FN:41,doubly_linked_list_get_head
FN:47,doubly_linked_list_get_tail
FN:53,doubly_linked_list_get_size
FN:59,doubly_linked_list_free_nodes
FN:65,doubly_linked_list_get_nth
FN:77,doubly_linked_list_prepend
FN:91,doubly_linked_list_append
FN:105,default_search
FN:110,doubly_linked_list_insert_after
FN:143,doubly_linked_list_insert_before
FN:176,doubly_linked_list_delete_first
FN:196,doubly_linked_list_delete_last
FN:215,doubly_linked_list_delete
FN:246,doubly_linked_list_delete_nth
FNDA:0,doubly_linked_list_get_tail
FNDA:6,doubly_linked_list_insert_after
FNDA:18,doubly_linked_list_free_nodes
FNDA:4,doubly_linked_list_delete_nth
FNDA:62,doubly_linked_list_delete_first
FNDA:58,doubly_linked_list_append
FNDA:4,doubly_linked_list_get_size
FNDA:18,doubly_linked_list_free
FNDA:0,doubly_linked_list_empty
FNDA:18,default_search
FNDA:8,doubly_linked_list_prepend
FNDA:0,doubly_linked_list_delete_last
FNDA:14,doubly_linked_list_get_head
FNDA:18,doubly_linked_list_init
FNDA:6,doubly_linked_list_delete
FNDA:4,doubly_linked_list_get_nth
FNDA:0,doubly_linked_list_insert_before
FNF:17
FNH:13
DA:21,18
DA:23,18
DA:24,18
DA:27,18
DA:29,18
DA:30,18
DA:31,18
DA:35,0
DA:37,216
DA:38,216
DA:41,14
DA:43,14
DA:44,14
DA:47,0
DA:49,0
DA:50,0
DA:53,4
DA:55,4
DA:56,2
DA:59,18
DA:61,18
DA:62,98
DA:63,18
DA:65,4
DA:67,4
DA:68,2
DA:70,2
DA:71,4
DA:72,2
DA:74,2
DA:77,8
DA:79,8
DA:80,6
DA:81,6
DA:82,2
DA:84,4
DA:85,4
DA:87,6
DA:88,6
DA:89,6
DA:91,58
DA:93,58
DA:94,56
DA:95,56
DA:96,16
DA:98,40
DA:99,40
DA:101,56
DA:102,56
DA:103,56
DA:105,18
DA:107,18
DA:110,6
DA:112,6
DA:113,4
DA:115,4
DA:117,4
DA:118,4
DA:119,4
DA:120,0
DA:121,0
DA:122,0
DA:124,12
DA:125,12
DA:126,8
DA:128,4
DA:129,0
DA:130,0
DA:132,4
DA:133,4
DA:134,4
DA:136,4
DA:137,4
DA:139,4
DA:140,4
DA:143,0
DA:145,0
DA:146,0
DA:148,0
DA:150,0
DA:151,0
DA:152,0
DA:153,0
DA:154,0
DA:155,0
DA:157,0
DA:158,0
DA:159,0
DA:161,0
DA:162,0
DA:163,0
DA:165,0
DA:166,0
DA:167,0
DA:169,0
DA:170,0
DA:172,0
DA:173,0
DA:176,62
DA:178,62
DA:179,62
DA:181,62
DA:182,62
DA:183,62
DA:184,18
DA:185,18
DA:187,44
DA:188,44
DA:189,44
DA:191,62
DA:192,62
DA:193,62
DA:196,0
DA:198,0
DA:199,0
DA:201,0
DA:202,0
DA:203,0
DA:204,0
DA:205,0
DA:207,0
DA:208,0
DA:209,0
DA:211,0
DA:212,0
DA:213,0
DA:215,6
DA:217,6
DA:218,4
DA:220,4
DA:222,4
DA:224,4
DA:225,4
DA:227,14
DA:229,12
DA:230,10
DA:233,4
DA:234,2
DA:235,2
DA:236,2
DA:237,2
DA:239,2
DA:240,2
DA:242,2
DA:243,2
DA:246,4
DA:248,4
DA:249,2
DA:252,2
DA:256,2
DA:257,2
DA:259,6
DA:261,2
DA:262,2
DA:263,2
DA:264,2
DA:265,2
DA:267,2
DA:268,2
DA:270,2
DA:271,2
LF:161
LH:115
end_of_record
TN:
SF:/home/runner/work/cdatastructures/cdatastructures/src/node.c
FN:7,build_singly_linked_node
FN:14,singly_linked_node_move_next
FN:20,singly_linked_node_get_data
FN:26,build_doubly_linked_node
FN:33,doubly_linked_node_move_next
FN:39,doubly_linked_node_move_prev
FN:45,doubly_linked_node_get_data
FNDA:134,build_singly_linked_node
FNDA:66,build_doubly_linked_node
FNDA:96,singly_linked_node_move_next
FNDA:48,doubly_linked_node_move_next
FNDA:96,singly_linked_node_get_data
FNDA:0,doubly_linked_node_move_prev
FNDA:48,doubly_linked_node_get_data
FNF:7
FNH:6
DA:7,134
DA:9,134
DA:10,134
DA:11,134
DA:14,96
DA:17,96
DA:18,96
DA:20,96
DA:23,96
DA:26,66
DA:28,66
DA:29,66
DA:30,66
DA:33,48
DA:36,48
DA:37,48
DA:39,0
DA:42,0
DA:43,0
DA:45,48
DA:48,48
LF:21
LH:18
end_of_record
TN:
SF:/home/runner/work/cdatastructures/cdatastructures/src/singly_linked_list.c
FN:21,singly_linked_list_init
FN:27,singly_linked_list_empty
FN:32,singly_linked_list_get_head
FN:38,singly_linked_list_get_tail
FN:44,singly_linked_list_prepend
FN:56,singly_linked_list_append
FN:68,default_search
FN:73,singly_linked_list_insert_after
FN:100,singly_linked_list_delete_first
FN:117,get_previous
FN:129,singly_linked_list_delete_last
FN:146,singly_linked_list_delete
FN:178,singly_linked_list_delete_nth
FN:206,singly_linked_list_get_nth
FN:219,singly_linked_list_get_size
FN:225,singly_linked_list_free
FN:234,singly_linked_list_free_nodes
FNDA:0,get_previous
FNDA:62,singly_linked_list_delete_first
FNDA:14,singly_linked_list_get_head
FNDA:6,singly_linked_list_delete
FNDA:4,singly_linked_list_get_size
FNDA:18,singly_linked_list_free
FNDA:0,singly_linked_list_empty
FNDA:6,singly_linked_list_insert_after
FNDA:4,singly_linked_list_get_nth
FNDA:0,singly_linked_list_delete_last
FNDA:18,default_search
FNDA:58,singly_linked_list_append
FNDA:18,singly_linked_list_init
FNDA:4,singly_linked_list_delete_nth
FNDA:8,singly_linked_list_prepend
FNDA:0,singly_linked_list_get_tail
FNDA:18,singly_linked_list_free_nodes
FNF:17
FNH:13
DA:21,18
DA:23,18
DA:24,18
DA:27,0
DA:29,252
DA:32,14
DA:34,14
DA:35,14
DA:38,0
DA:40,0
DA:41,0
DA:44,8
DA:46,8
DA:47,6
DA:48,6
DA:49,2
DA:51,4
DA:52,6
DA:53,6
DA:54,6
DA:56,58
DA:58,58
DA:59,56
DA:60,56
DA:61,16
DA:63,40
DA:64,56
DA:65,56
DA:66,56
DA:68,18
DA:70,18
DA:73,6
DA:75,6
DA:76,4
DA:79,4
DA:82,4
DA:83,4
DA:84,4
DA:85,0
DA:86,0
DA:88,12
DA:89,12
DA:90,8
DA:92,4
DA:93,4
DA:94,4
DA:96,4
DA:97,4
DA:100,62
DA:102,62
DA:103,62
DA:105,62
DA:106,62
DA:107,62
DA:108,18
DA:109,18
DA:111,44
DA:112,62
DA:113,62
DA:114,62
DA:117,0
DA:119,0
DA:120,0
DA:122,0
DA:124,0
DA:125,0
DA:129,0
DA:131,0
DA:132,0
DA:134,0
DA:135,0
DA:136,0
DA:137,0
DA:138,0
DA:140,0
DA:141,0
DA:142,0
DA:143,0
DA:146,6
DA:148,6
DA:149,4
DA:152,4
DA:155,4
DA:158,4
DA:159,4
DA:161,14
DA:163,12
DA:165,10
DA:168,4
DA:169,2
DA:171,2
DA:172,2
DA:174,2
DA:175,2
DA:178,4
DA:180,4
DA:181,2
DA:184,2
DA:189,2
DA:190,2
DA:192,6
DA:194,4
DA:196,2
DA:197,2
DA:199,2
DA:200,2
DA:202,2
DA:203,2
DA:206,4
DA:208,4
DA:209,2
DA:212,2
DA:214,4
DA:215,2
DA:216,2
DA:219,4
DA:221,4
DA:222,2
DA:225,18
DA:227,18
DA:228,18
DA:230,18
DA:231,18
DA:234,18
DA:236,18
DA:237,18
DA:239,80
LF:127
LH:103
end_of_record
